<?xml version='1.0'?>
<ns2:test-suite xmlns:ns2='urn:model.allure.qatools.yandex.ru' start='1595985039241' stop='1595985039577'>
    <name>My Login application</name>
    <title>My Login application</title>
    <test-cases>
        <test-case start='1595985039241' status='failed' stop='1595985039420'>
            <name>should login with valid credentials</name>
            <title>should login with valid credentials</title>
            <labels>
                <label name='language' value='javascript'/>
                <label name='framework' value='wdio'/>
                <label name='thread' value='0-0'/>
            </labels>
            <parameters>
                <parameter kind='argument' name='browser' value='firefox-19.5.0'/>
            </parameters>
            <steps>
                <step start='1595985039245' status='passed' stop='1595985039419'>
                    <name>GET /session/:sessionId/screenshot</name>
                    <title>GET /session/:sessionId/screenshot</title>
                    <attachments>
                        <attachment title='Screenshot' source='4c2a6c40-3e4e-414f-9549-fdefbede9780-attachment.png' type='image/png' size='127349'/>
                    </attachments>
                    <steps/>
                </step>
            </steps>
            <attachments/>
            <failure>
                <message>2 == 1</message>
                <stack-trace>AssertionError [ERR_ASSERTION]: 2 == 1
                    at Context.it (/Users/pjcalvo/Documents/ucreativa/automation/funda_02/TechGroundQA02/semana2dia1/test/specs/example.e2e.js:7:16)</stack-trace>
            </failure>
        </test-case>
        <test-case start='1595985039420' status='failed' stop='1595985039576'>
            <name>should login with valid credentials</name>
            <title>should login with valid credentials</title>
            <labels>
                <label name='language' value='javascript'/>
                <label name='framework' value='wdio'/>
                <label name='thread' value='0-0'/>
            </labels>
            <parameters>
                <parameter kind='argument' name='browser' value='firefox-19.5.0'/>
            </parameters>
            <steps>
                <step start='1595985039422' status='passed' stop='1595985039576'>
                    <name>GET /session/:sessionId/screenshot</name>
                    <title>GET /session/:sessionId/screenshot</title>
                    <attachments>
                        <attachment title='Screenshot' source='4ae96502-606d-4d7a-9cd9-23e7eb888f0c-attachment.png' type='image/png' size='127349'/>
                    </attachments>
                    <steps/>
                </step>
            </steps>
            <attachments/>
            <failure>
                <message>2 == 1</message>
                <stack-trace>AssertionError [ERR_ASSERTION]: 2 == 1
                    at Context.it (/Users/pjcalvo/Documents/ucreativa/automation/funda_02/TechGroundQA02/semana2dia1/test/specs/example.e2e.js:17:16)</stack-trace>
            </failure>
        </test-case>
        <test-case start='1595985039576' status='passed' stop='1595985039577'>
            <name>should login with valid credentials</name>
            <title>should login with valid credentials</title>
            <labels>
                <label name='language' value='javascript'/>
                <label name='framework' value='wdio'/>
                <label name='thread' value='0-0'/>
            </labels>
            <parameters>
                <parameter kind='argument' name='browser' value='firefox-19.5.0'/>
            </parameters>
            <steps/>
            <attachments/>
        </test-case>
    </test-cases>
</ns2:test-suite>